2021-12-12 19:12:583 INFO  ManageDriver :32 - Launching chrome browser
2021-12-12 19:12:24 INFO  LoginPage :52 - entering user name : [[ChromeDriver: chrome on WINDOWS (b1167464cf3c20014d391ec65bbca9ac)] -> xpath: //input[@id='txtUsername']]
2021-12-12 19:12:122 INFO  LoginPage :57 - entering password : [[ChromeDriver: chrome on WINDOWS (b1167464cf3c20014d391ec65bbca9ac)] -> xpath: //input[@id='txtPassword']]
2021-12-12 19:12:797 INFO  LoginPage :62 - clicking on  : [[ChromeDriver: chrome on WINDOWS (b1167464cf3c20014d391ec65bbca9ac)] -> xpath: //input[@id='btnLogin']]
2021-12-12 20:12:941 INFO  ManageDriver :32 - Launching chrome browser
2021-12-12 20:12:267 INFO  LoginPage :52 - entering user name : [[ChromeDriver: chrome on WINDOWS (da24fbff792b8426944cbbdd732e8d7f)] -> xpath: //input[@id='txtUsername']]
2021-12-12 20:12:400 INFO  LoginPage :57 - entering password : [[ChromeDriver: chrome on WINDOWS (da24fbff792b8426944cbbdd732e8d7f)] -> xpath: //input[@id='txtPassword']]
2021-12-12 20:12:35 INFO  LoginPage :62 - clicking on  : [[ChromeDriver: chrome on WINDOWS (da24fbff792b8426944cbbdd732e8d7f)] -> xpath: //input[@id='btnLogin']]
2021-12-12 20:12:105 INFO  HomePage :43 - clicking on : [[ChromeDriver: chrome on WINDOWS (da24fbff792b8426944cbbdd732e8d7f)] -> xpath: //b[contains(text(),'Admin')]]
2021-12-12 20:12:47 INFO  ManageDriver :32 - Launching chrome browser
2021-12-12 20:12:252 INFO  LoginPage :52 - entering user name : [[ChromeDriver: chrome on WINDOWS (69788c4378e9fed1a12d28558ec4dab6)] -> xpath: //input[@id='txtUsername']]
2021-12-12 20:12:396 INFO  LoginPage :57 - entering password : [[ChromeDriver: chrome on WINDOWS (69788c4378e9fed1a12d28558ec4dab6)] -> xpath: //input[@id='txtPassword']]
2021-12-12 20:12:92 INFO  LoginPage :62 - clicking on  : [[ChromeDriver: chrome on WINDOWS (69788c4378e9fed1a12d28558ec4dab6)] -> xpath: //input[@id='btnLogin']]
2021-12-12 20:12:47 INFO  HomePage :43 - clicking on : [[ChromeDriver: chrome on WINDOWS (69788c4378e9fed1a12d28558ec4dab6)] -> xpath: //b[contains(text(),'Admin')]]
2021-12-12 20:12:23 INFO  ManageDriver :32 - Launching chrome browser
2021-12-12 20:12:678 INFO  ManageDriver :32 - Launching chrome browser
2021-12-12 20:12:41 INFO  LoginPage :52 - entering user name : [[ChromeDriver: chrome on WINDOWS (428ff626b5ea63ebf7a4f15bdb24f3cd)] -> xpath: //input[@id='txtUsername']]
2021-12-12 20:12:191 INFO  LoginPage :57 - entering password : [[ChromeDriver: chrome on WINDOWS (428ff626b5ea63ebf7a4f15bdb24f3cd)] -> xpath: //input[@id='txtPassword']]
2021-12-12 21:12:24 INFO  LoginPage :62 - clicking on  : [[ChromeDriver: chrome on WINDOWS (428ff626b5ea63ebf7a4f15bdb24f3cd)] -> xpath: //input[@id='btnLogin']]
2021-12-12 21:12:946 INFO  HomePage :43 - clicking on : [[ChromeDriver: chrome on WINDOWS (428ff626b5ea63ebf7a4f15bdb24f3cd)] -> xpath: //b[contains(text(),'Admin')]]
2021-12-12 21:12:745 INFO  AddUserPage :57 - clicking on : [[ChromeDriver: chrome on WINDOWS (428ff626b5ea63ebf7a4f15bdb24f3cd)] -> xpath: //input[@id='btnAdd']]
2021-12-12 21:12:786 INFO  AddUserPage :68 - selecting user role : [[ChromeDriver: chrome on WINDOWS (428ff626b5ea63ebf7a4f15bdb24f3cd)] -> xpath: //select[@id='systemUser_userType']]
2021-12-12 21:12:982 INFO  AddUserPage :74 - Entering name : [[ChromeDriver: chrome on WINDOWS (428ff626b5ea63ebf7a4f15bdb24f3cd)] -> xpath: //input[@id='systemUser_employeeName_empName']]
2021-12-12 21:12:167 INFO  AddUserPage :80 - random user name : [[ChromeDriver: chrome on WINDOWS (428ff626b5ea63ebf7a4f15bdb24f3cd)] -> xpath: //input[@id='systemUser_userName']]
2021-12-12 21:12:223 INFO  ManageDriver :32 - Launching chrome browser
2021-12-12 21:12:277 INFO  LoginPage :52 - entering user name : [[ChromeDriver: chrome on WINDOWS (7f52546fcc40a92c428645e1988ed232)] -> xpath: //input[@id='txtUsername']]
2021-12-12 21:12:415 INFO  LoginPage :57 - entering password : [[ChromeDriver: chrome on WINDOWS (7f52546fcc40a92c428645e1988ed232)] -> xpath: //input[@id='txtPassword']]
2021-12-12 21:12:43 INFO  LoginPage :62 - clicking on  : [[ChromeDriver: chrome on WINDOWS (7f52546fcc40a92c428645e1988ed232)] -> xpath: //input[@id='btnLogin']]
2021-12-12 21:12:106 INFO  HomePage :43 - clicking on : [[ChromeDriver: chrome on WINDOWS (7f52546fcc40a92c428645e1988ed232)] -> xpath: //b[contains(text(),'Admin')]]
2021-12-12 21:12:533 INFO  AddUserPage :57 - clicking on : [[ChromeDriver: chrome on WINDOWS (7f52546fcc40a92c428645e1988ed232)] -> xpath: //input[@id='btnAdd']]
2021-12-12 21:12:680 INFO  AddUserPage :68 - selecting user role : [[ChromeDriver: chrome on WINDOWS (7f52546fcc40a92c428645e1988ed232)] -> xpath: //select[@id='systemUser_userType']]
2021-12-12 21:12:850 INFO  AddUserPage :74 - Entering name : [[ChromeDriver: chrome on WINDOWS (7f52546fcc40a92c428645e1988ed232)] -> xpath: //input[@id='systemUser_employeeName_empName']]
2021-12-12 21:12:34 INFO  AddUserPage :80 - random user name : [[ChromeDriver: chrome on WINDOWS (7f52546fcc40a92c428645e1988ed232)] -> xpath: //input[@id='systemUser_userName']]
2021-12-12 21:12:160 INFO  AddUserPage :86 - selecting status : [[ChromeDriver: chrome on WINDOWS (7f52546fcc40a92c428645e1988ed232)] -> xpath: //select[@id='systemUser_status']]
2021-12-12 21:12:317 INFO  AddUserPage :92 - entering password : [[ChromeDriver: chrome on WINDOWS (7f52546fcc40a92c428645e1988ed232)] -> xpath: //input[@id='systemUser_password']]
2021-12-12 21:12:454 INFO  AddUserPage :98 - entering confirm password : [[ChromeDriver: chrome on WINDOWS (7f52546fcc40a92c428645e1988ed232)] -> xpath: //input[@id='systemUser_confirmPassword']]
2021-12-12 21:12:555 INFO  AddUserPage :104 - clicking on : [[ChromeDriver: chrome on WINDOWS (7f52546fcc40a92c428645e1988ed232)] -> xpath: //input[@id='btnSave']]
2021-12-12 21:12:398 INFO  ManageDriver :32 - Launching chrome browser
2021-12-12 21:12:664 INFO  LoginPage :52 - entering user name : [[ChromeDriver: chrome on WINDOWS (bcc8369ccc6b6cae13771aaa64e93532)] -> xpath: //input[@id='txtUsername']]
2021-12-12 21:12:742 INFO  LoginPage :52 - entering user name : [[ChromeDriver: chrome on WINDOWS (bcc8369ccc6b6cae13771aaa64e93532)] -> xpath: //input[@id='txtUsername']]
2021-12-12 21:12:892 INFO  LoginPage :57 - entering password : [[ChromeDriver: chrome on WINDOWS (bcc8369ccc6b6cae13771aaa64e93532)] -> xpath: //input[@id='txtPassword']]
2021-12-12 21:12:755 INFO  LoginPage :62 - clicking on  : [[ChromeDriver: chrome on WINDOWS (bcc8369ccc6b6cae13771aaa64e93532)] -> xpath: //input[@id='btnLogin']]
2021-12-12 21:12:456 INFO  ManageDriver :32 - Launching chrome browser
2021-12-12 21:12:734 INFO  LoginPage :52 - entering user name : [[ChromeDriver: chrome on WINDOWS (a3267c566dd9d7c381a4c2373c6bb33c)] -> xpath: //input[@id='txtUsername']]
2021-12-12 21:12:869 INFO  LoginPage :57 - entering password : [[ChromeDriver: chrome on WINDOWS (a3267c566dd9d7c381a4c2373c6bb33c)] -> xpath: //input[@id='txtPassword']]
2021-12-12 21:12:533 INFO  LoginPage :62 - clicking on  : [[ChromeDriver: chrome on WINDOWS (a3267c566dd9d7c381a4c2373c6bb33c)] -> xpath: //input[@id='btnLogin']]
2021-12-12 21:12:570 INFO  HomePage :43 - clicking on : [[ChromeDriver: chrome on WINDOWS (a3267c566dd9d7c381a4c2373c6bb33c)] -> xpath: //b[contains(text(),'Admin')]]
2021-12-12 21:12:751 INFO  ViewSystemUsersPage :58 - entering username : [[ChromeDriver: chrome on WINDOWS (a3267c566dd9d7c381a4c2373c6bb33c)] -> xpath: //input[@id='searchSystemUser_userName']]
2021-12-12 21:12:943 INFO  ViewSystemUsersPage :68 - selecting status : [[ChromeDriver: chrome on WINDOWS (a3267c566dd9d7c381a4c2373c6bb33c)] -> xpath: //select[@id='searchSystemUser_status']]
2021-12-12 21:12:419 INFO  ViewSystemUsersPage :73 - clicking on : [[ChromeDriver: chrome on WINDOWS (a3267c566dd9d7c381a4c2373c6bb33c)] -> xpath: //input[@id='searchBtn']]
2021-12-12 21:12:869 INFO  ManageDriver :32 - Launching chrome browser
2021-12-12 21:12:956 INFO  LoginPage :52 - entering user name : [[ChromeDriver: chrome on WINDOWS (0a423b410ea6cf4585b3c3287578129b)] -> xpath: //input[@id='txtUsername']]
2021-12-12 21:12:96 INFO  LoginPage :57 - entering password : [[ChromeDriver: chrome on WINDOWS (0a423b410ea6cf4585b3c3287578129b)] -> xpath: //input[@id='txtPassword']]
2021-12-12 21:12:828 INFO  LoginPage :62 - clicking on  : [[ChromeDriver: chrome on WINDOWS (0a423b410ea6cf4585b3c3287578129b)] -> xpath: //input[@id='btnLogin']]
2021-12-12 21:12:933 INFO  HomePage :43 - clicking on : [[ChromeDriver: chrome on WINDOWS (0a423b410ea6cf4585b3c3287578129b)] -> xpath: //b[contains(text(),'Admin')]]
2021-12-12 21:12:104 INFO  ViewSystemUsersPage :58 - entering username : [[ChromeDriver: chrome on WINDOWS (0a423b410ea6cf4585b3c3287578129b)] -> xpath: //input[@id='searchSystemUser_userName']]
2021-12-12 21:12:287 INFO  ViewSystemUsersPage :63 - selecting user role: [[ChromeDriver: chrome on WINDOWS (0a423b410ea6cf4585b3c3287578129b)] -> xpath: //select[@id='searchSystemUser_userType']]
2021-12-12 21:12:452 INFO  ViewSystemUsersPage :68 - selecting status : [[ChromeDriver: chrome on WINDOWS (0a423b410ea6cf4585b3c3287578129b)] -> xpath: //select[@id='searchSystemUser_status']]
2021-12-12 21:12:968 INFO  ViewSystemUsersPage :73 - clicking on : [[ChromeDriver: chrome on WINDOWS (0a423b410ea6cf4585b3c3287578129b)] -> xpath: //input[@id='searchBtn']]
2021-12-12 21:12:82 INFO  ViewSystemUsersPage :78 - clicking on : [[ChromeDriver: chrome on WINDOWS (0a423b410ea6cf4585b3c3287578129b)] -> xpath: //input[@id='ohrmList_chkSelectAll']]
2021-12-12 21:12:183 INFO  ViewSystemUsersPage :83 - clicking on : [[ChromeDriver: chrome on WINDOWS (0a423b410ea6cf4585b3c3287578129b)] -> xpath: //input[@id='btnDelete']]
2021-12-12 21:12:332 INFO  ManageDriver :32 - Launching chrome browser
2021-12-12 21:12:277 INFO  LoginPage :52 - entering user name : [[ChromeDriver: chrome on WINDOWS (aa90253d495eff62f5f60c8bc6f2367d)] -> xpath: //input[@id='txtUsername']]
2021-12-12 21:12:420 INFO  LoginPage :57 - entering password : [[ChromeDriver: chrome on WINDOWS (aa90253d495eff62f5f60c8bc6f2367d)] -> xpath: //input[@id='txtPassword']]
2021-12-12 21:12:23 INFO  LoginPage :62 - clicking on  : [[ChromeDriver: chrome on WINDOWS (aa90253d495eff62f5f60c8bc6f2367d)] -> xpath: //input[@id='btnLogin']]
2021-12-12 21:12:31 INFO  HomePage :43 - clicking on : [[ChromeDriver: chrome on WINDOWS (aa90253d495eff62f5f60c8bc6f2367d)] -> xpath: //b[contains(text(),'Admin')]]
2021-12-12 21:12:227 INFO  ViewSystemUsersPage :58 - entering username : [[ChromeDriver: chrome on WINDOWS (aa90253d495eff62f5f60c8bc6f2367d)] -> xpath: //input[@id='searchSystemUser_userName']]
2021-12-12 21:12:425 INFO  ViewSystemUsersPage :63 - selecting user role: [[ChromeDriver: chrome on WINDOWS (aa90253d495eff62f5f60c8bc6f2367d)] -> xpath: //select[@id='searchSystemUser_userType']]
2021-12-12 21:12:590 INFO  ViewSystemUsersPage :68 - selecting status : [[ChromeDriver: chrome on WINDOWS (aa90253d495eff62f5f60c8bc6f2367d)] -> xpath: //select[@id='searchSystemUser_status']]
2021-12-12 21:12:47 INFO  ViewSystemUsersPage :73 - clicking on : [[ChromeDriver: chrome on WINDOWS (aa90253d495eff62f5f60c8bc6f2367d)] -> xpath: //input[@id='searchBtn']]
2021-12-12 21:12:160 INFO  ViewSystemUsersPage :78 - clicking on : [[ChromeDriver: chrome on WINDOWS (aa90253d495eff62f5f60c8bc6f2367d)] -> xpath: //input[@id='ohrmList_chkSelectAll']]
2021-12-12 21:12:284 INFO  ViewSystemUsersPage :83 - clicking on : [[ChromeDriver: chrome on WINDOWS (aa90253d495eff62f5f60c8bc6f2367d)] -> xpath: //input[@id='btnDelete']]
2021-12-12 21:12:05 INFO  ViewSystemUsersPage :88 - clicking on : [[ChromeDriver: chrome on WINDOWS (aa90253d495eff62f5f60c8bc6f2367d)] -> xpath: //input[@id='dialogDeleteBtn']]
2021-12-12 21:12:949 INFO  ManageDriver :32 - Launching chrome browser
2021-12-12 21:12:961 INFO  LoginPage :52 - entering user name : [[ChromeDriver: chrome on WINDOWS (593ff9acb83e3d725e4fb142dd67c100)] -> xpath: //input[@id='txtUsername']]
2021-12-12 21:12:97 INFO  LoginPage :57 - entering password : [[ChromeDriver: chrome on WINDOWS (593ff9acb83e3d725e4fb142dd67c100)] -> xpath: //input[@id='txtPassword']]
2021-12-12 21:12:939 INFO  LoginPage :62 - clicking on  : [[ChromeDriver: chrome on WINDOWS (593ff9acb83e3d725e4fb142dd67c100)] -> xpath: //input[@id='btnLogin']]
2021-12-12 21:12:05 INFO  HomePage :43 - clicking on : [[ChromeDriver: chrome on WINDOWS (593ff9acb83e3d725e4fb142dd67c100)] -> xpath: //b[contains(text(),'Admin')]]
2021-12-12 21:12:179 INFO  ViewSystemUsersPage :58 - entering username : [[ChromeDriver: chrome on WINDOWS (593ff9acb83e3d725e4fb142dd67c100)] -> xpath: //input[@id='searchSystemUser_userName']]
2021-12-12 21:12:366 INFO  ViewSystemUsersPage :63 - selecting user role: [[ChromeDriver: chrome on WINDOWS (593ff9acb83e3d725e4fb142dd67c100)] -> xpath: //select[@id='searchSystemUser_userType']]
2021-12-12 21:12:530 INFO  ViewSystemUsersPage :68 - selecting status : [[ChromeDriver: chrome on WINDOWS (593ff9acb83e3d725e4fb142dd67c100)] -> xpath: //select[@id='searchSystemUser_status']]
2021-12-12 21:12:00 INFO  ViewSystemUsersPage :73 - clicking on : [[ChromeDriver: chrome on WINDOWS (593ff9acb83e3d725e4fb142dd67c100)] -> xpath: //input[@id='searchBtn']]
2021-12-12 21:12:92 INFO  ViewSystemUsersPage :98 - clicking on : [[ChromeDriver: chrome on WINDOWS (593ff9acb83e3d725e4fb142dd67c100)] -> xpath: //td[contains(text(),'No Records Found')]]
2021-12-12 22:12:738 INFO  ManageDriver :32 - Launching chrome browser
2021-12-12 22:12:56 INFO  ManageDriver :32 - Launching chrome browser
2021-12-12 22:12:378 INFO  LoginPage :52 - entering user name : [[ChromeDriver: chrome on WINDOWS (1533a46f4f2c2f8e06c630c2803a1cbc)] -> xpath: //input[@id='txtUsername']]
2021-12-12 22:12:511 INFO  LoginPage :57 - entering password : [[ChromeDriver: chrome on WINDOWS (1533a46f4f2c2f8e06c630c2803a1cbc)] -> xpath: //input[@id='txtPassword']]
2021-12-12 22:12:174 INFO  LoginPage :62 - clicking on  : [[ChromeDriver: chrome on WINDOWS (1533a46f4f2c2f8e06c630c2803a1cbc)] -> xpath: //input[@id='btnLogin']]
2021-12-12 22:12:94 INFO  ManageDriver :32 - Launching chrome browser
2021-12-12 22:12:988 INFO  LoginPage :52 - entering user name : [[ChromeDriver: chrome on WINDOWS (4da71b303fde196694a31deb4652dfcc)] -> xpath: //input[@id='txtUsername']]
2021-12-12 22:12:122 INFO  LoginPage :57 - entering password : [[ChromeDriver: chrome on WINDOWS (4da71b303fde196694a31deb4652dfcc)] -> xpath: //input[@id='txtPassword']]
2021-12-12 22:12:739 INFO  LoginPage :62 - clicking on  : [[ChromeDriver: chrome on WINDOWS (4da71b303fde196694a31deb4652dfcc)] -> xpath: //input[@id='btnLogin']]
2021-12-12 22:12:44 INFO  LoginPage :67 - verify : [[ChromeDriver: chrome on WINDOWS (4da71b303fde196694a31deb4652dfcc)] -> xpath: //a[contains(text(),'Welcome Paul')]]
2021-12-12 22:12:735 INFO  ManageDriver :32 - Launching chrome browser
2021-12-12 22:12:75 INFO  LoginPage :52 - entering user name : [[ChromeDriver: chrome on WINDOWS (5aa369eb5bc16d1d410d7e0b426b76c5)] -> xpath: //input[@id='txtUsername']]
2021-12-12 22:12:209 INFO  LoginPage :57 - entering password : [[ChromeDriver: chrome on WINDOWS (5aa369eb5bc16d1d410d7e0b426b76c5)] -> xpath: //input[@id='txtPassword']]
2021-12-12 22:12:838 INFO  LoginPage :62 - clicking on  : [[ChromeDriver: chrome on WINDOWS (5aa369eb5bc16d1d410d7e0b426b76c5)] -> xpath: //input[@id='btnLogin']]
2021-12-12 22:12:315 INFO  LoginPage :81 - clicking on  : [[ChromeDriver: chrome on WINDOWS (5aa369eb5bc16d1d410d7e0b426b76c5)] -> id: welcome]
2021-12-12 22:12:553 INFO  LoginPage :86 - clicking on : [[ChromeDriver: chrome on WINDOWS (5aa369eb5bc16d1d410d7e0b426b76c5)] -> xpath: //a[text()='Logout']]
